TN:
SF:src/AzuranceFactory.sol
DA:10,10
FN:10,AzuranceFactory.createAzuranceContract
FNDA:10,AzuranceFactory.createAzuranceContract
DA:21,10
DA:32,10
DA:34,10
FNF:1
FNH:1
LF:4
LH:4
BRF:0
BRH:0
end_of_record
TN:
SF:src/AzurancePool.sol
DA:29,10
FN:29,AzurancePool.constructor
FNDA:10,AzurancePool.constructor
DA:40,10
DA:41,10
DA:42,10
DA:44,10
DA:45,10
DA:47,10
DA:48,10
DA:52,10
DA:57,10
DA:59,10
DA:62,5
FN:62,AzurancePool.onlyNotStale
FNDA:5,AzurancePool.onlyNotStale
DA:63,5
BRDA:63,0,0,-
BRDA:63,0,1,4
DA:67,2
FN:67,AzurancePool.onlyState
FNDA:2,AzurancePool.onlyState
DA:68,2
BRDA:68,1,0,-
BRDA:68,1,1,2
DA:72,6
FN:72,AzurancePool.onlyNotState
FNDA:6,AzurancePool.onlyNotState
DA:73,6
BRDA:73,2,0,-
BRDA:73,2,1,6
DA:77,2
FN:77,AzurancePool.onlyCondition
FNDA:2,AzurancePool.onlyCondition
DA:78,2
BRDA:78,3,0,-
BRDA:78,3,1,2
DA:83,4
FN:83,AzurancePool.buyInsurance
FNDA:4,AzurancePool.buyInsurance
DA:87,4
DA:89,4
DA:90,4
BRDA:90,4,0,-
BRDA:90,4,1,4
DA:91,0
DA:93,4
DA:96,4
BRDA:96,5,0,-
BRDA:96,5,1,4
DA:101,4
DA:102,4
DA:104,4
DA:107,5
FN:107,AzurancePool.sellInsurance
FNDA:5,AzurancePool.sellInsurance
DA:111,5
DA:113,5
DA:114,5
BRDA:114,6,0,5
BRDA:114,6,1,-
DA:115,5
DA:117,0
DA:120,5
DA:121,5
DA:123,5
DA:126,2
FN:126,AzurancePool.unlockClaim
FNDA:2,AzurancePool.unlockClaim
DA:128,2
DA:129,2
DA:130,2
DA:133,2
FN:133,AzurancePool.unlockMaturity
FNDA:2,AzurancePool.unlockMaturity
DA:134,2
BRDA:134,7,0,-
BRDA:134,7,1,2
DA:135,2
DA:136,2
DA:137,2
DA:140,2
FN:140,AzurancePool.unlockTerminate
FNDA:2,AzurancePool.unlockTerminate
DA:141,2
DA:142,2
DA:143,2
DA:146,2
FN:146,AzurancePool.checkUnlockClaim
FNDA:2,AzurancePool.checkUnlockClaim
DA:147,2
DA:150,2
FN:150,AzurancePool.checkUnlockTerminate
FNDA:2,AzurancePool.checkUnlockTerminate
DA:151,2
DA:154,6
FN:154,AzurancePool.withdraw
FNDA:6,AzurancePool.withdraw
DA:158,6
DA:159,6
BRDA:159,8,0,2
BRDA:159,8,1,2
DA:160,2
DA:161,4
BRDA:161,9,0,2
BRDA:161,9,1,2
DA:162,2
DA:164,2
DA:166,6
DA:167,6
DA:168,6
DA:171,0
FN:171,AzurancePool.withdrawFee
FNDA:0,AzurancePool.withdrawFee
DA:172,0
BRDA:172,10,0,-
BRDA:172,10,1,-
DA:177,0
FN:177,AzurancePool.getAmountClaimable
FNDA:0,AzurancePool.getAmountClaimable
DA:182,2
DA:183,2
DA:184,2
DA:185,2
DA:187,2
BRDA:187,11,0,-
DA:188,0
DA:189,0
DA:190,0
DA:193,2
DA:194,2
DA:195,2
DA:197,2
DA:198,2
DA:200,2
DA:201,2
BRDA:201,12,0,1
DA:202,1
DA:208,2
BRDA:208,13,0,1
DA:209,1
DA:216,2
DA:219,0
FN:219,AzurancePool.getAmountMatured
FNDA:0,AzurancePool.getAmountMatured
DA:224,2
DA:225,2
DA:226,2
DA:227,2
DA:229,2
BRDA:229,14,0,-
DA:230,0
DA:231,0
DA:232,0
DA:235,2
DA:236,2
DA:237,2
DA:239,2
DA:240,2
DA:242,2
DA:243,2
BRDA:243,15,0,1
DA:244,1
DA:250,2
BRDA:250,16,0,1
DA:251,1
DA:258,2
DA:261,0
FN:261,AzurancePool.getAmountTerminated
FNDA:0,AzurancePool.getAmountTerminated
DA:265,2
DA:266,2
DA:267,2
DA:268,2
DA:270,2
BRDA:270,17,0,-
DA:271,0
DA:272,0
DA:273,0
DA:276,2
DA:278,2
DA:281,2
DA:282,2
BRDA:282,18,0,1
DA:283,1
DA:289,2
BRDA:289,19,0,1
DA:290,1
DA:297,2
DA:300,2
FN:300,AzurancePool.totalValueLocked
FNDA:2,AzurancePool.totalValueLocked
DA:301,12
DA:304,0
FN:304,AzurancePool.totalShares
FNDA:0,AzurancePool.totalShares
DA:305,9
DA:308,0
FN:308,AzurancePool.totalBuyShare
FNDA:0,AzurancePool.totalBuyShare
DA:309,0
DA:312,0
FN:312,AzurancePool.totalSellShare
FNDA:0,AzurancePool.totalSellShare
DA:313,0
DA:316,0
FN:316,AzurancePool.settledShare
FNDA:0,AzurancePool.settledShare
DA:317,6
DA:320,0
FN:320,AzurancePool.settledBuyShare
FNDA:0,AzurancePool.settledBuyShare
DA:321,6
DA:324,0
FN:324,AzurancePool.settledSellShare
FNDA:0,AzurancePool.settledSellShare
DA:325,6
DA:328,0
FN:328,AzurancePool.multiplierDecimals
FNDA:0,AzurancePool.multiplierDecimals
DA:329,12
DA:332,0
FN:332,AzurancePool.feeDecimals
FNDA:0,AzurancePool.feeDecimals
DA:333,0
DA:336,0
FN:336,AzurancePool.staleBlock
FNDA:0,AzurancePool.staleBlock
DA:337,0
DA:340,0
FN:340,AzurancePool.status
FNDA:0,AzurancePool.status
DA:341,0
DA:344,0
FN:344,AzurancePool.underlyingToken
FNDA:0,AzurancePool.underlyingToken
DA:345,0
DA:348,0
FN:348,AzurancePool.multiplier
FNDA:0,AzurancePool.multiplier
DA:349,0
DA:352,0
FN:352,AzurancePool.fee
FNDA:0,AzurancePool.fee
DA:353,0
DA:356,0
FN:356,AzurancePool.feeTo
FNDA:0,AzurancePool.feeTo
DA:357,0
DA:360,0
FN:360,AzurancePool.condition
FNDA:0,AzurancePool.condition
DA:361,0
DA:364,0
FN:364,AzurancePool.maturityBlock
FNDA:0,AzurancePool.maturityBlock
DA:365,0
DA:368,4
FN:368,AzurancePool.buyerToken
FNDA:4,AzurancePool.buyerToken
DA:369,4
DA:372,4
FN:372,AzurancePool.sellerToken
FNDA:4,AzurancePool.sellerToken
DA:373,4
DA:377,12
FN:377,AzurancePool._totalValueLocked
FNDA:12,AzurancePool._totalValueLocked
DA:378,12
DA:381,9
FN:381,AzurancePool._totalShares
FNDA:9,AzurancePool._totalShares
DA:382,9
DA:385,25
FN:385,AzurancePool._totalBuyShare
FNDA:25,AzurancePool._totalBuyShare
DA:386,25
DA:389,25
FN:389,AzurancePool._totalSellShare
FNDA:25,AzurancePool._totalSellShare
DA:390,25
DA:393,6
FN:393,AzurancePool._settledShare
FNDA:6,AzurancePool._settledShare
DA:394,6
DA:397,12
FN:397,AzurancePool._settledBuyShare
FNDA:12,AzurancePool._settledBuyShare
DA:398,12
DA:401,12
FN:401,AzurancePool._settledSellShare
FNDA:12,AzurancePool._settledSellShare
DA:402,12
DA:405,6
FN:405,AzurancePool._getPortion
FNDA:6,AzurancePool._getPortion
DA:410,6
DA:413,12
FN:413,AzurancePool._settle
FNDA:12,AzurancePool._settle
DA:414,12
DA:415,12
DA:418,6
FN:418,AzurancePool._withdraw
FNDA:6,AzurancePool._withdraw
DA:423,6
BRDA:423,20,0,3
DA:424,3
DA:426,6
BRDA:426,21,0,3
DA:427,3
DA:429,6
BRDA:429,22,0,-
BRDA:429,22,1,6
DA:430,6
DA:433,6
FN:433,AzurancePool._transferOut
FNDA:6,AzurancePool._transferOut
DA:434,6
FNF:47
FNH:27
LF:190
LH:147
BRF:35
BRH:21
end_of_record
TN:
SF:src/MintableERC20.sol
DA:13,9
FN:13,MintableERC20.mint
FNDA:9,MintableERC20.mint
DA:14,9
DA:17,6
FN:17,MintableERC20.burn
FNDA:6,MintableERC20.burn
DA:18,6
FNF:2
FNH:2
LF:4
LH:4
BRF:0
BRH:0
end_of_record
TN:
SF:src/conditions/SimpleCondition.sol
DA:9,2
FN:9,SimpleCondition.checkUnlockClaim
FNDA:2,SimpleCondition.checkUnlockClaim
DA:10,2
DA:13,2
FN:13,SimpleCondition.checkUnlockTerminate
FNDA:2,SimpleCondition.checkUnlockTerminate
DA:14,2
FNF:2
FNH:2
LF:4
LH:4
BRF:0
BRH:0
end_of_record
TN:
SF:test/contracts/TestERC20.sol
DA:9,18
FN:9,TestERC20.mint
FNDA:18,TestERC20.mint
DA:10,18
DA:13,0
FN:13,TestERC20.burn
FNDA:0,TestERC20.burn
DA:14,0
FNF:2
FNH:1
LF:4
LH:2
BRF:0
BRH:0
end_of_record
